<?xml version="1.0" encoding="UTF-8"?>
<!-- Generated by org.testng.reporters.JUnitReportReporter -->
<testsuite hostname="David" failures="0" tests="1" name="com.hrms.testCases.LoginTest" time="5.536" errors="0" timestamp="2021-08-22T14:06:22 PDT" skipped="0">
  <testcase classname="com.hrms.testCases.LoginTest" name="invalidPasswordLogin" time="5.536"/>
  <system-out/>
</testsuite> <!-- com.hrms.testCases.LoginTest -->
