<?xml version="1.0" encoding="UTF-8"?>
<!-- Generated by org.testng.reporters.JUnitReportReporter -->
<testsuite hostname="David" failures="0" tests="4" name="com.hrms.testCases.LoginTest" time="20.525" errors="0" timestamp="2021-08-24T22:43:51 PDT" skipped="0">
  <testcase classname="com.hrms.testCases.LoginTest" name="invalidPasswordLogin" time="5.581"/>
  <system-out/>
  <testcase classname="com.hrms.testCases.LoginTest" name="timeStamp" time="3.567"/>
  <system-out/>
  <testcase classname="com.hrms.testCases.LoginTest" name="adminLogin" time="6.495"/>
  <system-out/>
  <testcase classname="com.hrms.testCases.LoginTest" name="emptyUsernameLogin" time="4.882"/>
  <system-out/>
</testsuite> <!-- com.hrms.testCases.LoginTest -->
