<?xml version="1.0" encoding="UTF-8"?>
<!-- Generated by org.testng.reporters.JUnitReportReporter -->
<testsuite hostname="David" failures="0" tests="1" name="com.hrms.testCases.AddEmployeeTest" time="17.248" errors="0" timestamp="2021-08-22T13:22:29 PDT" skipped="0">
  <testcase classname="com.hrms.testCases.AddEmployeeTest" name="addEmployeePage" time="17.248"/>
  <system-out/>
</testsuite> <!-- com.hrms.testCases.AddEmployeeTest -->
