<?xml version="1.0" encoding="UTF-8"?>
<!-- Generated by org.testng.reporters.JUnitReportReporter -->
<testsuite hostname="David" failures="0" tests="1" name="com.hrms.testCases.HWTest" time="22.028" errors="0" timestamp="2021-08-24T22:50:22 PDT" skipped="0">
  <testcase classname="com.hrms.testCases.HWTest" name="loginCredentials" time="22.028"/>
  <system-out/>
</testsuite> <!-- com.hrms.testCases.HWTest -->
